<?xml version='1.0' encoding='UTF-8' ?>
<testsuite name="com.example.lunchtray.MenuContentTests" tests="3" failures="0" errors="0" skipped="0" time="6.553" timestamp="2022-09-28T06:07:00" hostname="localhost">
  <properties>
    <property name="device" value="Pixel_4a_API_33(AVD) - 13" />
    <property name="flavor" value="" />
    <property name="project" value=":app" />
  </properties>
  <testcase name="side_menu_item_content" classname="com.example.lunchtray.MenuContentTests" time="1.104" />
  <testcase name="entree_menu_item_content" classname="com.example.lunchtray.MenuContentTests" time="1.699" />
  <testcase name="accompaniment_menu_item_content" classname="com.example.lunchtray.MenuContentTests" time="1.199" />
</testsuite>